#
# There is insufficient memory for the Java Runtime Environment to continue.
# Native memory allocation (malloc) failed to allocate 347056 bytes for Chunk::new
# Possible reasons:
#   The system is out of physical RAM or swap space
#   In 32 bit mode, the process size limit was hit
# Possible solutions:
#   Reduce memory load on the system
#   Increase physical memory or swap space
#   Check if swap backing store is full
#   Use 64 bit Java on a 64 bit OS
#   Decrease Java heap size (-Xmx/-Xms)
#   Decrease number of Java threads
#   Decrease Java thread stack sizes (-Xss)
#   Set larger code cache with -XX:ReservedCodeCacheSize=
# This output file may be truncated or incomplete.
#
#  Out of Memory Error (allocation.cpp:390), pid=5508, tid=0x0000000000003934
#
# JRE version: Java(TM) SE Runtime Environment (8.0_92-b14) (build 1.8.0_92-b14)
# Java VM: Java HotSpot(TM) 64-Bit Server VM (25.92-b14 mixed mode windows-amd64 compressed oops)
# Failed to write core dump. Minidumps are not enabled by default on client versions of Windows
#

---------------  T H R E A D  ---------------

Current thread (0x0000000017872800):  JavaThread "C2 CompilerThread0" daemon [_thread_in_native, id=14644, stack(0x0000000018b50000,0x0000000018c50000)]

Stack: [0x0000000018b50000,0x0000000018c50000]
[error occurred during error reporting (printing stack bounds), id 0xc0000005]

Native frames: (J=compiled Java code, j=interpreted, Vv=VM code, C=native code)


Current CompileTask:
C2:   3242 1346       4       com.android.dx.ssa.SCCP::simulatePhi (169 bytes)


---------------  P R O C E S S  ---------------

Java Threads: ( => current thread )
  0x0000000017906800 JavaThread "Service Thread" daemon [_thread_blocked, id=14700, stack(0x0000000018f50000,0x0000000019050000)]
  0x00000000178d8800 JavaThread "C1 CompilerThread3" daemon [_thread_blocked, id=14672, stack(0x0000000018e50000,0x0000000018f50000)]
  0x000000001788e000 JavaThread "C2 CompilerThread2" daemon [_thread_in_native, id=14696, stack(0x0000000018d50000,0x0000000018e50000)]
  0x000000001787a800 JavaThread "C2 CompilerThread1" daemon [_thread_in_native, id=14356, stack(0x0000000018c50000,0x0000000018d50000)]
=>0x0000000017872800 JavaThread "C2 CompilerThread0" daemon [_thread_in_native, id=14644, stack(0x0000000018b50000,0x0000000018c50000)]
  0x0000000017871800 JavaThread "Attach Listener" daemon [_thread_blocked, id=14652, stack(0x0000000018a50000,0x0000000018b50000)]
  0x0000000017870800 JavaThread "Signal Dispatcher" daemon [_thread_blocked, id=14840, stack(0x0000000018950000,0x0000000018a50000)]
  0x0000000017828000 JavaThread "Finalizer" daemon [_thread_blocked, id=12964, stack(0x0000000018760000,0x0000000018860000)]
  0x00000000177f6000 JavaThread "Reference Handler" daemon [_thread_blocked, id=14352, stack(0x0000000018660000,0x0000000018760000)]
  0x0000000003887800 JavaThread "main" [_thread_in_Java, id=2608, stack(0x0000000003780000,0x0000000003880000)]

Other Threads:
  0x00000000164a2800 VMThread [stack: 0x0000000018560000,0x0000000018660000] [id=15344]
  0x000000001790c800 WatcherThread [stack: 0x0000000019050000,0x0000000019150000] [id=13456]

VM state:not at safepoint (normal execution)

VM Mutex/Monitor currently owned by a thread: None

Heap:
 PSYoungGen      total 38400K, used 27404K [0x00000000eab00000, 0x00000000ed580000, 0x0000000100000000)
  eden space 33280K, 66% used [0x00000000eab00000,0x00000000ec0c3b70,0x00000000ecb80000)
  from space 5120K, 99% used [0x00000000ecb80000,0x00000000ed07f4f8,0x00000000ed080000)
  to   space 5120K, 0% used [0x00000000ed080000,0x00000000ed080000,0x00000000ed580000)
 ParOldGen       total 87552K, used 439K [0x00000000c0000000, 0x00000000c5580000, 0x00000000eab00000)
  object space 87552K, 0% used [0x00000000c0000000,0x00000000c006de90,0x00000000c5580000)
 Metaspace       used 5796K, capacity 6960K, committed 7040K, reserved 1056768K
  class space    used 569K, capacity 616K, committed 640K, reserved 1048576K

Card table byte_map: [0x0000000012d40000,0x0000000012f50000] byte_map_base: 0x0000000012740000

Marking Bits: (ParMarkBitMap*) 0x00000000036f64f0
 Begin Bits: [0x00000000138b0000, 0x00000000148b0000)
 End Bits:   [0x00000000148b0000, 0x00000000158b0000)

Polling page: 0x0000000002d90000

CodeCache: size=245760Kb used=5951Kb max_used=5951Kb free=239808Kb
 bounds [0x0000000003980000, 0x0000000003f60000, 0x0000000012980000]
 total_blobs=1704 nmethods=1439 adapters=178
 compilation: enabled

Compilation events (10 events):
Event: 3.236 Thread 0x00000000178d8800 1413       3       com.android.dx.cf.iface.StdAttributeList::<init> (6 bytes)
Event: 3.236 Thread 0x00000000178d8800 nmethod 1413 0x0000000003f50cd0 code [0x0000000003f50e40, 0x0000000003f50fc8]
Event: 3.236 Thread 0x00000000178d8800 1414       3       com.android.dx.cf.direct.AttributeListParser::setObserver (6 bytes)
Event: 3.236 Thread 0x00000000178d8800 nmethod 1414 0x0000000003f51050 code [0x0000000003f511a0, 0x0000000003f51310]
Event: 3.236 Thread 0x00000000178d8800 1415       3       com.android.dx.cf.direct.AttributeListParser::getEndOffset (9 bytes)
Event: 3.237 Thread 0x00000000178d8800 nmethod 1415 0x0000000003f51390 code [0x0000000003f51500, 0x0000000003f51748]
Event: 3.237 Thread 0x00000000178d8800 1416       3       com.android.dx.cf.direct.AttributeListParser::getList (9 bytes)
Event: 3.237 Thread 0x00000000178d8800 nmethod 1416 0x0000000003f51810 code [0x0000000003f51980, 0x0000000003f51bc8]
Event: 3.237 Thread 0x00000000178d8800 1446       3       com.android.dx.dex.file.StringIdsSection::intern (53 bytes)
Event: 3.238 Thread 0x00000000178d8800 nmethod 1446 0x0000000003f51c90 code [0x0000000003f51e60, 0x0000000003f52618]

GC Heap History (2 events):
Event: 2.579 GC heap before
{Heap before GC invocations=1 (full 0):
 PSYoungGen      total 38400K, used 33280K [0x00000000eab00000, 0x00000000ed580000, 0x0000000100000000)
  eden space 33280K, 100% used [0x00000000eab00000,0x00000000ecb80000,0x00000000ecb80000)
  from space 5120K, 0% used [0x00000000ed080000,0x00000000ed080000,0x00000000ed580000)
  to   space 5120K, 0% used [0x00000000ecb80000,0x00000000ecb80000,0x00000000ed080000)
 ParOldGen       total 87552K, used 0K [0x00000000c0000000, 0x00000000c5580000, 0x00000000eab00000)
  object space 87552K, 0% used [0x00000000c0000000,0x00000000c0000000,0x00000000c5580000)
 Metaspace       used 5587K, capacity 6832K, committed 7040K, reserved 1056768K
  class space    used 557K, capacity 616K, committed 640K, reserved 1048576K
Event: 2.655 GC heap after
Heap after GC invocations=1 (full 0):
 PSYoungGen      total 38400K, used 5117K [0x00000000eab00000, 0x00000000ed580000, 0x0000000100000000)
  eden space 33280K, 0% used [0x00000000eab00000,0x00000000eab00000,0x00000000ecb80000)
  from space 5120K, 99% used [0x00000000ecb80000,0x00000000ed07f4f8,0x00000000ed080000)
  to   space 5120K, 0% used [0x00000000ed080000,0x00000000ed080000,0x00000000ed580000)
 ParOldGen       total 87552K, used 439K [0x00000000c0000000, 0x00000000c5580000, 0x00000000eab00000)
  object space 87552K, 0% used [0x00000000c0000000,0x00000000c006de90,0x00000000c5580000)
 Metaspace       used 5587K, capacity 6832K, committed 7040K, reserved 1056768K
  class space    used 557K, capacity 616K, committed 640K, reserved 1048576K
}

Deoptimization events (10 events):
Event: 3.219 Thread 0x0000000003887800 Uncommon trap: reason=class_check action=maybe_recompile pc=0x0000000003e0bb08 method=java.util.Arrays.hashCode([Ljava/lang/Object;)I @ 43
Event: 3.219 Thread 0x0000000003887800 Uncommon trap: reason=class_check action=maybe_recompile pc=0x0000000003e0bb08 method=java.util.Arrays.hashCode([Ljava/lang/Object;)I @ 43
Event: 3.219 Thread 0x0000000003887800 Uncommon trap: reason=class_check action=maybe_recompile pc=0x0000000003e0bb08 method=java.util.Arrays.hashCode([Ljava/lang/Object;)I @ 43
Event: 3.219 Thread 0x0000000003887800 Uncommon trap: reason=class_check action=maybe_recompile pc=0x0000000003e0bb08 method=java.util.Arrays.hashCode([Ljava/lang/Object;)I @ 43
Event: 3.220 Thread 0x0000000003887800 Uncommon trap: reason=class_check action=maybe_recompile pc=0x0000000003df00b4 method=java.util.Arrays.hashCode([Ljava/lang/Object;)I @ 43
Event: 3.222 Thread 0x0000000003887800 Uncommon trap: reason=bimorphic action=maybe_recompile pc=0x0000000003bb3254 method=java.util.HashMap.getNode(ILjava/lang/Object;)Ljava/util/HashMap$Node; @ 126
Event: 3.222 Thread 0x0000000003887800 Uncommon trap: reason=bimorphic action=maybe_recompile pc=0x0000000003bb3254 method=java.util.HashMap.getNode(ILjava/lang/Object;)Ljava/util/HashMap$Node; @ 126
Event: 3.223 Thread 0x0000000003887800 Uncommon trap: reason=bimorphic action=maybe_recompile pc=0x0000000003bb3254 method=java.util.HashMap.getNode(ILjava/lang/Object;)Ljava/util/HashMap$Node; @ 126
Event: 3.223 Thread 0x0000000003887800 Uncommon trap: reason=class_check action=maybe_recompile pc=0x0000000003d04004 method=java.util.HashMap.putVal(ILjava/lang/Object;Ljava/lang/Object;ZZ)Ljava/lang/Object; @ 203
Event: 3.226 Thread 0x0000000003887800 Uncommon trap: reason=unstable_if action=reinterpret pc=0x0000000003d03fc0 method=java.util.HashMap.putVal(ILjava/lang/Object;Ljava/lang/Object;ZZ)Ljava/lang/Object; @ 94

Internal exceptions (2 events):
Event: 0.068 Thread 0x0000000003887800 Exception <a 'java/lang/NoSuchMethodError': Method sun.misc.Unsafe.defineClass(Ljava/lang/String;[BII)Ljava/lang/Class; name or signature does not match> (0x00000000eab07cc0) thrown at [D:\re\workspace\8-2-build-windows-amd64-cygwin\jdk8u92\6642\hotspot\srÒa’Íz^±?
Event: 0.068 Thread 0x0000000003887800 Exception <a 'java/lang/NoSuchMethodError': Method sun.misc.Unsafe.prefetchRead(Ljava/lang/Object;J)V name or signature does not match> (0x00000000eab07fa8) thrown at [D:\re\workspace\8-2-build-windows-amd64-cygwin\jdk8u92\6642\hotspot\src\share\vm\prims\j

Events (10 events):
Event: 3.223 Thread 0x0000000003887800 DEOPT UNPACKING pc=0x00000000039c582a sp=0x000000000387f2a8 mode 2
Event: 3.223 loading class java/util/HashMap$KeySet
Event: 3.224 loading class java/util/HashMap$KeySet done
Event: 3.224 loading class java/util/HashMap$KeyIterator
Event: 3.224 loading class java/util/HashMap$KeyIterator done
Event: 3.224 loading class com/android/dx/dex/file/CatchStructs
Event: 3.224 loading class com/android/dx/dex/file/CatchStructs done
Event: 3.226 Thread 0x0000000003887800 Uncommon trap: trap_request=0xffffff65 fr.pc=0x0000000003d03fc0
Event: 3.226 Thread 0x0000000003887800 DEOPT PACKING pc=0x0000000003d03fc0 sp=0x000000000387f1a0
Event: 3.226 Thread 0x0000000003887800 DEOPT UNPACKING pc=0x00000000039c582a sp=0x000000000387f120 mode 2


Dynamic libraries:
0x00007ff644960000 - 0x00007ff644997000 	C:\Program Files\Java\jdk1.8.0_92\bin\java.exe
0x00007ffbbe690000 - 0x00007ffbbe861000 	C:\WINDOWS\SYSTEM32\ntdll.dll
0x00007ffbbc320000 - 0x00007ffbbc3cb000 	C:\WINDOWS\System32\KERNEL32.DLL
0x00007ffbbab60000 - 0x00007ffbbad7d000 	C:\WINDOWS\System32\KERNELBASE.dll
0x000000006e0c0000 - 0x000000006e16e000 	C:\Program Files\Bitdefender\Bitdefender 2016\Active Virus Control\Avc3_00379_052\avcuf64.dll
0x00007ffbb9040000 - 0x00007ffbb90ba000 	C:\WINDOWS\system32\apphelp.dll
0x00007ffb8d620000 - 0x00007ffb8daa2000 	C:\WINDOWS\AppPatch\AppPatch64\AcLayers.DLL
0x00007ffbbbd20000 - 0x00007ffbbbdbe000 	C:\WINDOWS\System32\msvcrt.dll
0x00007ffbbdf60000 - 0x00007ffbbe0c5000 	C:\WINDOWS\System32\USER32.dll
0x00007ffbbb960000 - 0x00007ffbbb97e000 	C:\WINDOWS\System32\KERNEL32.DLL
0x00007ffbbc6a0000 - 0x00007ffbbc6d4000 	C:\WINDOWS\AppPatch\AppPatch64\AcLayers.DLL
0x00007ffbbad80000 - 0x00007ffbbaf02000 	C:\WINDOWS\System32\win32u.dll
0x00007ffbbe570000 - 0x00007ffbbe5c2000 	C:\WINDOWS\System32\SHLWAPI.dll
0x00007ffbbc3d0000 - 0x00007ffbbc698000 	C:\WINDOWS\System32\combase.dll
0x00007ffbbb7b0000 - 0x00007ffbbb8a5000 	C:\WINDOWS\System32\ucrtbase.dll
0x00007ffbbbf60000 - 0x00007ffbbc081000 	C:\WINDOWS\SYSTEM32\sfc.dll
0x00007ffbbb740000 - 0x00007ffbbb7aa000 	C:\WINDOWS\System32\bcryptPrimitives.dll
0x0000000000dc0000 - 0x0000000000dc3000 	C:\WINDOWS\SYSTEM32\sfc.dll
0x00007ffbafe90000 - 0x00007ffbaff15000 	C:\WINDOWS\SYSTEM32\WINSPOOL.DRV
0x00007ffbba6b0000 - 0x00007ffbba6db000 	C:\WINDOWS\SYSTEM32\WINSPOOL.DRV
0x00007ffba13c0000 - 0x00007ffba13d1000 	C:\WINDOWS\SYSTEM32\SortWindows61.dll
0x00007ffbb1440000 - 0x00007ffbb1451000 	C:\WINDOWS\SYSTEM32\SortWindows61.dll
0x00007ffbbc2f0000 - 0x00007ffbbc31e000 	C:\WINDOWS\SYSTEM32\VERSION.dll
0x00007ffbb99d0000 - 0x00007ffbb9a00000 	C:\WINDOWS\System32\cfgmgr32.dll
0x00007ffbbc240000 - 0x00007ffbbc2e2000 	C:\WINDOWS\System32\powrprof.dll
0x00007ffbbbf00000 - 0x00007ffbbbf59000 	C:\WINDOWS\System32\shcore.dll
0x00007ffbb99c0000 - 0x00007ffbb99ca000 	C:\Program Files\NVIDIA Corporation\CoProcManager\_etoured.dll
0x00007ffbbc840000 - 0x00007ffbbdd49000 	C:\WINDOWS\System32\SETUPAPI.dll
0x00007ffbbb650000 - 0x00007ffbbb692000 	C:\WINDOWS\System32\cfgmgr32.dll
0x00007ffbbaf70000 - 0x00007ffbbb64a000 	C:\WINDOWS\System32\windows.storage.dll
0x00007ffbbab10000 - 0x00007ffbbab5c000 	C:\WINDOWS\System32\PSAPI.DLL
0x00007ffbbab00000 - 0x00007ffbbab0f000 	C:\WINDOWS\System32\kernel.appcore.dll
0x00007ffbbb8b0000 - 0x00007ffbbb959000 	C:\WINDOWS\SYSTEM32\WINMM.dll
0x00007ffbbaae0000 - 0x00007ffbbaaf4000 	C:\Program Files\Java\jdk1.8.0_92\jre\bin\verify.dll
0x0000000071790000 - 0x0000000071796000 	C:\Program Files\NVIDIA Corporation\CoProcManager\_etoured.dll
0x00007ffbb6cb0000 - 0x00007ffbb6ceb000 	C:\Program Files\NVIDIA Corporation\CoProcManager\nvd3d9wrapx.dll
0x00007ffbbe140000 - 0x00007ffbbe569000 	C:\Program Files\Java\jdk1.8.0_92\bin\java.exe
0x00007ffbb6ba0000 - 0x00007ffbb6bc4000 	C:\WINDOWS\AppPatch\AppPatch64\AcLayers.DLL
0x00007ffbb0770000 - 0x00007ffbb09e9000 	C:\WINDOWS\System32\gdi32full.dll
0x0000000001270000 - 0x0000000001342000 	C:\WINDOWS\System32\RPCRT4.dll
0x0000000002ee0000 - 0x0000000003776000 	C:\WINDOWS\SYSTEM32\bcrypt.dll
0x00007ffbbe670000 - 0x00007ffbbe678000 	C:\WINDOWS\System32\IMM32.DLL
0x00007ffbacd80000 - 0x00007ffbacd89000 	C:\WINDOWS\System32\sechost.dll
0x00007ffbbc1d0000 - 0x00007ffbbc23a000 	C:\WINDOWS\System32\Shell32.dll
0x00007ffbb8a40000 - 0x00007ffbb8a63000 	C:\WINDOWS\System32\windows.storage.dll
0x00007ffbb8920000 - 0x00007ffbb894b000 	C:\WINDOWS\SYSTEM32\WINMMBASE.dll
0x000000006e270000 - 0x000000006e27f000 	C:\Program Files\NVIDIA Corporation\CoProcManager\_etoured.dll
0x000000006e240000 - 0x000000006e269000 	C:\WINDOWS\System32\SETUPAPI.dll
0x000000006e220000 - 0x000000006e236000 	C:\Program Files\Java\jdk1.8.0_92\jre\bin\zip.dll

VM Arguments:
jvm_args: -Djava.awt.headless=true -Xmx1024M -Dfile.encoding=windows-1252 -Duser.country=US -Duser.language=en -Duser.variant 
java_command: com.android.dx.command.Main --dex --force-jumbo --multi-dex --output C:\Users\kikkos\AndroidStudioProjects\Udacity\xyzreader\XYZReader\build\intermediates\transforms\dex\debug\folders\1000\10\instant-run_ae42914ce3038e5952fdbb59006b705f3c346838 C:\Users\kikkos\AndroidStudioProjects\Udacity\xyzreader\XYZReader\build\intermediates\incremental-runtime-classes\debug\instant-run.jar
java_class_path (initial): C:\Users\kikkos\AppData\Local\Android\sdk\build-tools\22.0.1\lib\dx.jar
Launcher Type: SUN_STANDARD

Environment Variables:
JAVA_HOME=C:\Program Files\Java\jdk1.8.0_92
PATH=C:\Program Files (x86)\Intel\iCLS Client\;C:\Program Files\Intel\iCLS Client\;C:\ProgramData\Oracle\Java\javapath;C:\Program Files\ImageMagick-6.8.9-Q16;C:\WINDOWS\system32;C:\WINDOWS;C:\WINDOWS\System32\Wbem;C:\Program Files\Lenovo\Bluetooth Software\;C:\Program Files\Lenovo\Bluetooth Software\syswow64;C:\Program Files\Intel\WiFi\bin\;C:\Program Files\Common Files\Intel\WirelessCommon\;C:\Program Files\Microsoft\Web Platform Installer\;C:\WINDOWS\System32\WindowsPowerShell\v1.0\;C:\Program Files\Microsoft SQL Server\110\Tools\Binn\;C:\Program Files\Sublime Text 2;C:\Program Files (x86)\Heroku\bin;C:\Program Files\Intel\Intel(R) Management Engine Components\DAL;C:\Program Files\Intel\Intel(R) Management Engine Components\IPT;C:\Program Files (x86)\Intel\Intel(R) Management Engine Components\DAL;C:\Program Files (x86)\Intel\Intel(R) Management Engine Components\IPT;C:\Program Files (x86)\NVIDIA Corporation\PhysX\Common;C:\WINDOWS\system32;C:\WINDOWS;C:\WINDOWS\System32\Wbem;C:\WINDOWS\System32\WindowsPowerShell\v1.0\;C:\Program Files (x86)\Skype\Phone\;C:\Ruby23-x64\bin;C:\Program Files (x86)\MySQL\MySQL Fabric 1.5 & MySQL Utilities 1.5\;C:\Program Files (x86)\MySQL\MySQL Fabric 1.5 & MySQL Utilities 1.5\Doctrine extensions for PHP\;C:\Program Files\MySQL\MySQL Server 5.7\bin;C:\RailsInstaller\Ruby2.2.0\bin;C:\Users\kikkos\AppData\Local\GitHub\PortableGit_d76a6a98c9315931ec4927243517bc09e9b731a0\cmd;C:\Users\kikkos\AppData\Local\Android\sdk\platform-tools;C:\cURL\bin;C:\Program Files\Intel\WiFi\bin\;C:\Program Files\Common Files\Intel\WirelessCommon\;C:\sqlite;C:\Users\kikkos\AppData\Local\Microsoft\WindowsApps;C:\Program Files\Java\jdk1.8.0_92\bin;C:\gradle-3.2.1\bin\
USERNAME=kikkos
OS=Windows_NT
PROCESSOR_IDENTIFIER=Intel64 Family 6 Model 42 Stepping 7, GenuineIntel



---------------  S Y S T E M  ---------------

OS: Windows 10.0 , 64 bit Build 14393 (10.0.14393.0)

CPU:total 8 (4 cores per cpu, 2 threads per core) family 6 model 42 stepping 7, cmov, cx8, fxsr, mmx, sse, sse2, sse3, ssse3, sse4.1, sse4.2, popcnt, avx, aes, clmul, ht, tsc, tscinvbit

Memory: 4k page, physical 8300684k(1831116k free), swap 8505484k(5320k free)

vm_info: Java HotSpot(TM) 64-Bit Server VM (25.92-b14) for windows-amd64 JRE (1.8.0_92-b14), built on Mar 31 2016 21:03:04 by "java_re" with MS VC++ 10.0 (VS2010)

time: Tue Dec 20 12:21:50 2016
elapsed time: 3 seconds (0d 0h 0m 3s)

