#
# There is insufficient memory for the Java Runtime Environment to continue.
# Native memory allocation (malloc) failed to allocate 32744 bytes for ChunkPool::allocate
# Possible reasons:
#   The system is out of physical RAM or swap space
#   In 32 bit mode, the process size limit was hit
# Possible solutions:
#   Reduce memory load on the system
#   Increase physical memory or swap space
#   Check if swap backing store is full
#   Use 64 bit Java on a 64 bit OS
#   Decrease Java heap size (-Xmx/-Xms)
#   Decrease number of Java threads
#   Decrease Java thread stack sizes (-Xss)
#   Set larger code cache with -XX:ReservedCodeCacheSize=
# This output file may be truncated or incomplete.
#
#  Out of Memory Error (allocation.cpp:273), pid=12200, tid=0x000000000000310c
#
# JRE version: Java(TM) SE Runtime Environment (8.0_92-b14) (build 1.8.0_92-b14)
# Java VM: Java HotSpot(TM) 64-Bit Server VM (25.92-b14 mixed mode windows-amd64 compressed oops)
# Failed to write core dump. Minidumps are not enabled by default on client versions of Windows
#

---------------  T H R E A D  ---------------

Current thread (0x0000000016b16000):  JavaThread "C1 CompilerThread3" daemon [_thread_in_native, id=12556, stack(0x00000000180f0000,0x00000000181f0000)]

Stack: [0x00000000180f0000,0x00000000181f0000]
[error occurred during error reporting (printing stack bounds), id 0xc0000005]

Native frames: (J=compiled Java code, j=interpreted, Vv=VM code, C=native code)


Current CompileTask:
C1:   1244  390   !   3       com.android.dx.cf.code.BytecodeArray::parseInstruction (2764 bytes)


---------------  P R O C E S S  ---------------

Java Threads: ( => current thread )
  0x0000000016b99800 JavaThread "Service Thread" daemon [_thread_blocked, id=7816, stack(0x00000000181f0000,0x00000000182f0000)]
=>0x0000000016b16000 JavaThread "C1 CompilerThread3" daemon [_thread_in_native, id=12556, stack(0x00000000180f0000,0x00000000181f0000)]
  0x0000000016b12000 JavaThread "C2 CompilerThread2" daemon [_thread_blocked, id=11352, stack(0x0000000017ff0000,0x00000000180f0000)]
  0x0000000016b09000 JavaThread "C2 CompilerThread1" daemon [_thread_blocked, id=9728, stack(0x0000000017ef0000,0x0000000017ff0000)]
  0x0000000016b03000 JavaThread "C2 CompilerThread0" daemon [_thread_blocked, id=11452, stack(0x0000000017df0000,0x0000000017ef0000)]
  0x0000000016b01800 JavaThread "Attach Listener" daemon [_thread_blocked, id=15040, stack(0x0000000017cf0000,0x0000000017df0000)]
  0x0000000016b00800 JavaThread "Signal Dispatcher" daemon [_thread_blocked, id=14776, stack(0x0000000017bf0000,0x0000000017cf0000)]
  0x0000000016ab8000 JavaThread "Finalizer" daemon [_thread_blocked, id=6736, stack(0x0000000017a00000,0x0000000017b00000)]
  0x0000000016a86000 JavaThread "Reference Handler" daemon [_thread_blocked, id=1948, stack(0x0000000017900000,0x0000000017a00000)]
  0x0000000002b17800 JavaThread "main" [_thread_in_vm, id=6696, stack(0x0000000002960000,0x0000000002a60000)]

Other Threads:
  0x0000000015732800 VMThread [stack: 0x0000000017800000,0x0000000017900000] [id=11116]
  0x0000000016ba0000 WatcherThread [stack: 0x00000000182f0000,0x00000000183f0000] [id=10896]

VM state:not at safepoint (normal execution)

VM Mutex/Monitor currently owned by a thread: None

Heap:
 PSYoungGen      total 38400K, used 8020K [0x00000000eab00000, 0x00000000ed580000, 0x0000000100000000)
  eden space 33280K, 24% used [0x00000000eab00000,0x00000000eb2d5098,0x00000000ecb80000)
  from space 5120K, 0% used [0x00000000ed080000,0x00000000ed080000,0x00000000ed580000)
  to   space 5120K, 0% used [0x00000000ecb80000,0x00000000ecb80000,0x00000000ed080000)
 ParOldGen       total 87552K, used 0K [0x00000000c0000000, 0x00000000c5580000, 0x00000000eab00000)
  object space 87552K, 0% used [0x00000000c0000000,0x00000000c0000000,0x00000000c5580000)
 Metaspace       used 4983K, capacity 6288K, committed 6528K, reserved 1056768K
  class space    used 539K, capacity 584K, committed 640K, reserved 1048576K

Card table byte_map: [0x0000000011fd0000,0x00000000121e0000] byte_map_base: 0x00000000119d0000

Marking Bits: (ParMarkBitMap*) 0x000000006a1664f0
 Begin Bits: [0x0000000012b40000, 0x0000000013b40000)
 End Bits:   [0x0000000013b40000, 0x0000000014b40000)

Polling page: 0x0000000000ea0000

CodeCache: size=245760Kb used=1810Kb max_used=1821Kb free=243949Kb
 bounds [0x0000000002c10000, 0x0000000002e80000, 0x0000000011c10000]
 total_blobs=655 nmethods=392 adapters=176
 compilation: enabled

Compilation events (10 events):
Event: 1.230 Thread 0x0000000016b16000 nmethod 384 0x0000000002dd6010 code [0x0000000002dd6160, 0x0000000002dd6270]
Event: 1.230 Thread 0x0000000016b16000  389       3       com.android.dx.rop.type.Type::equals (31 bytes)
Event: 1.230 Thread 0x0000000016b16000 nmethod 389 0x0000000002dd58d0 code [0x0000000002dd5a60, 0x0000000002dd5ee8]
Event: 1.230 Thread 0x0000000016b16000  390   !   3       com.android.dx.cf.code.BytecodeArray::parseInstruction (2764 bytes)
Event: 1.232 Thread 0x0000000016b03000  394       4       java.lang.String::equals (81 bytes)
Event: 1.234 Thread 0x0000000016b12000  400       4       java.util.BitSet::checkInvariants (111 bytes)
Event: 1.235 Thread 0x0000000016b12000 nmethod 400 0x0000000002dd41d0 code [0x0000000002dd4300, 0x0000000002dd4358]
Event: 1.236 Thread 0x0000000016b03000 nmethod 394 0x0000000002dd3cd0 code [0x0000000002dd3e20, 0x0000000002dd4078]
Event: 1.238 Thread 0x0000000016b09000  404       4       java.util.ArrayList$Itr::hasNext (20 bytes)
Event: 1.239 Thread 0x0000000016b09000 nmethod 404 0x0000000002dd3a90 code [0x0000000002dd3bc0, 0x0000000002dd3c38]

GC Heap History (0 events):
No events

Deoptimization events (0 events):
No events

Internal exceptions (2 events):
Event: 0.070 Thread 0x0000000002b17800 Exception <a 'java/lang/NoSuchMethodError': Method sun.misc.Unsafe.defineClass(Ljava/lang/String;[BII)Ljava/lang/Class; name or signature does not match> (0x00000000eab07cc0) thrown at [D:\re\workspace\8-2-build-windows-amd64-cygwin\jdk8u92\6642\hotspot\srØHEä±?
Event: 0.070 Thread 0x0000000002b17800 Exception <a 'java/lang/NoSuchMethodError': Method sun.misc.Unsafe.prefetchRead(Ljava/lang/Object;J)V name or signature does not match> (0x00000000eab07fa8) thrown at [D:\re\workspace\8-2-build-windows-amd64-cygwin\jdk8u92\6642\hotspot\src\share\vm\prims\j

Events (10 events):
Event: 1.084 loading class com/android/dx/dex/file/DebugInfoItem
Event: 1.084 loading class com/android/dx/dex/file/DebugInfoItem done
Event: 1.097 loading class com/android/dx/rop/annotation/AnnotationsList
Event: 1.097 loading class com/android/dx/rop/annotation/AnnotationsList done
Event: 1.142 loading class com/android/dx/dex/file/MethodIdItem
Event: 1.142 loading class com/android/dx/dex/file/MethodIdItem done
Event: 1.206 loading class com/android/dx/ssa/PhiInsn$Operand
Event: 1.206 loading class com/android/dx/ssa/PhiInsn$Operand done
Event: 1.241 loading class com/android/dx/ssa/back/FirstFitLocalCombiningAllocator$Multiset
Event: 1.241 loading class com/android/dx/ssa/back/FirstFitLocalCombiningAllocator$Multiset done


Dynamic libraries:
0x00007ff756130000 - 0x00007ff756167000 	C:\Program Files\Java\jdk1.8.0_92\bin\java.exe
0x00007ffa72c60000 - 0x00007ffa72e31000 	C:\WINDOWS\SYSTEM32\ntdll.dll
0x00007ffa71a50000 - 0x00007ffa71afb000 	C:\WINDOWS\System32\KERNEL32.DLL
0x00007ffa6f3f0000 - 0x00007ffa6f60d000 	C:\WINDOWS\System32\KERNELBASE.dll
0x000000006ba00000 - 0x000000006baae000 	C:\Program Files\Bitdefender\Bitdefender 2016\Active Virus Control\Avc3_00379_052\avcuf64.dll
0x00007ffa6d5f0000 - 0x00007ffa6d66a000 	C:\WINDOWS\system32\apphelp.dll
0x00007ffa48910000 - 0x00007ffa48d92000 	C:\WINDOWS\AppPatch\AppPatch64\AcLayers.DLL
0x00007ffa72af0000 - 0x00007ffa72b8e000 	C:\WINDOWS\System32\msvcrt.dll
0x00007ffa72250000 - 0x00007ffa723b5000 	C:\WINDOWS\System32\USER32.dll
0x00007ffa6fa20000 - 0x00007ffa6fa3e000 	C:\WINDOWS\System32\win32u.dll
0x00007ffa71c00000 - 0x00007ffa71c34000 	C:\WINDOWS\System32\GDI32.dll
0x00007ffa6f890000 - 0x00007ffa6fa12000 	C:\WINDOWS\System32\gdi32full.dll
0x00007ffa71d90000 - 0x00007ffa71de2000 	C:\WINDOWS\System32\SHLWAPI.dll
0x00007ffa72720000 - 0x00007ffa729e8000 	C:\WINDOWS\System32\combase.dll
0x00007ffa6f240000 - 0x00007ffa6f335000 	C:\WINDOWS\System32\ucrtbase.dll
0x00007ffa71c40000 - 0x00007ffa71d61000 	C:\WINDOWS\System32\RPCRT4.dll
0x00007ffa6f1d0000 - 0x00007ffa6f23a000 	C:\WINDOWS\System32\bcryptPrimitives.dll
0x00000000009f0000 - 0x00000000009f3000 	C:\WINDOWS\SYSTEM32\sfc.dll
0x00007ffa63fc0000 - 0x00007ffa64045000 	C:\WINDOWS\SYSTEM32\WINSPOOL.DRV
0x00007ffa6ec80000 - 0x00007ffa6ecab000 	C:\WINDOWS\SYSTEM32\bcrypt.dll
0x00007ffa54c50000 - 0x00007ffa54c61000 	C:\WINDOWS\SYSTEM32\sfc_os.DLL
0x00007ffa6afc0000 - 0x00007ffa6afd1000 	C:\WINDOWS\SYSTEM32\SortWindows61.dll
0x00007ffa72220000 - 0x00007ffa7224e000 	C:\WINDOWS\System32\IMM32.DLL
0x00007ffa6dfa0000 - 0x00007ffa6dfd0000 	C:\WINDOWS\system32\DriverStore\FileRepository\nvlti.inf_amd64_03205ffa8fdea79d\nvinitx.dll
0x00007ffa701d0000 - 0x00007ffa70272000 	C:\WINDOWS\System32\ADVAPI32.dll
0x00007ffa72580000 - 0x00007ffa725d9000 	C:\WINDOWS\System32\sechost.dll
0x00007ffa6df90000 - 0x00007ffa6df9a000 	C:\WINDOWS\SYSTEM32\VERSION.dll
0x00007ffa704e0000 - 0x00007ffa719e9000 	C:\WINDOWS\System32\Shell32.dll
0x00007ffa6f670000 - 0x00007ffa6f6b2000 	C:\WINDOWS\System32\cfgmgr32.dll
0x00007ffa6faf0000 - 0x00007ffa701ca000 	C:\WINDOWS\System32\windows.storage.dll
0x00007ffa6f0c0000 - 0x00007ffa6f10c000 	C:\WINDOWS\System32\powrprof.dll
0x00007ffa6f0b0000 - 0x00007ffa6f0bf000 	C:\WINDOWS\System32\kernel.appcore.dll
0x00007ffa6f340000 - 0x00007ffa6f3e9000 	C:\WINDOWS\System32\shcore.dll
0x00007ffa6f110000 - 0x00007ffa6f124000 	C:\WINDOWS\System32\profapi.dll
0x000000006ce80000 - 0x000000006ce86000 	C:\Program Files\NVIDIA Corporation\CoProcManager\_etoured.dll
0x00007ffa6a250000 - 0x00007ffa6a28b000 	C:\Program Files\NVIDIA Corporation\CoProcManager\nvd3d9wrapx.dll
0x00007ffa71df0000 - 0x00007ffa72219000 	C:\WINDOWS\System32\SETUPAPI.dll
0x00007ffa6a1b0000 - 0x00007ffa6a1d4000 	C:\Program Files\NVIDIA Corporation\CoProcManager\nvdxgiwrapx.dll
0x00007ffa64c50000 - 0x00007ffa64ec9000 	C:\WINDOWS\WinSxS\amd64_microsoft.windows.common-controls_6595b64144ccf1df_6.0.14393.447_none_42191651c6827bb3\COMCTL32.dll
0x000000006a1f0000 - 0x000000006a2c2000 	C:\Program Files\Java\jdk1.8.0_92\jre\bin\msvcr100.dll
0x0000000069950000 - 0x000000006a1e6000 	C:\Program Files\Java\jdk1.8.0_92\jre\bin\server\jvm.dll
0x00007ffa70280000 - 0x00007ffa70288000 	C:\WINDOWS\System32\PSAPI.DLL
0x00007ffa63a40000 - 0x00007ffa63a49000 	C:\WINDOWS\SYSTEM32\WSOCK32.dll
0x00007ffa70460000 - 0x00007ffa704ca000 	C:\WINDOWS\System32\WS2_32.dll
0x00007ffa6d4c0000 - 0x00007ffa6d4e3000 	C:\WINDOWS\SYSTEM32\WINMM.dll
0x00007ffa6d320000 - 0x00007ffa6d34b000 	C:\WINDOWS\SYSTEM32\WINMMBASE.dll
0x0000000069940000 - 0x000000006994f000 	C:\Program Files\Java\jdk1.8.0_92\jre\bin\verify.dll
0x0000000069910000 - 0x0000000069939000 	C:\Program Files\Java\jdk1.8.0_92\jre\bin\java.dll
0x00000000698f0000 - 0x0000000069906000 	C:\Program Files\Java\jdk1.8.0_92\jre\bin\zip.dll

VM Arguments:
jvm_args: -Djava.awt.headless=true -Xmx1024M -Dfile.encoding=windows-1252 -Duser.country=US -Duser.language=en -Duser.variant 
java_command: com.android.dx.command.Main --dex --force-jumbo --multi-dex --output C:\Users\kikkos\AndroidStudioProjects\Udacity\xyzreader\XYZReader\build\intermediates\transforms\dex\debug\folders\1000\10\com.android.support-cardview-v7-22.2.1_e07f992408cac1c32266963dcd9ea14a06e2ee74 C:\Users\kikkos\AndroidStudioProjects\Udacity\xyzreader\XYZReader\build\intermediates\exploded-aar\com.android.support\cardview-v7\22.2.1\jars\classes.jar
java_class_path (initial): C:\Users\kikkos\AppData\Local\Android\sdk\build-tools\22.0.1\lib\dx.jar
Launcher Type: SUN_STANDARD

Environment Variables:
JAVA_HOME=C:\Program Files\Java\jdk1.8.0_92
PATH=C:\Program Files (x86)\Intel\iCLS Client\;C:\Program Files\Intel\iCLS Client\;C:\ProgramData\Oracle\Java\javapath;C:\Program Files\ImageMagick-6.8.9-Q16;C:\WINDOWS\system32;C:\WINDOWS;C:\WINDOWS\System32\Wbem;C:\Program Files\Lenovo\Bluetooth Software\;C:\Program Files\Lenovo\Bluetooth Software\syswow64;C:\Program Files\Intel\WiFi\bin\;C:\Program Files\Common Files\Intel\WirelessCommon\;C:\Program Files\Microsoft\Web Platform Installer\;C:\WINDOWS\System32\WindowsPowerShell\v1.0\;C:\Program Files\Microsoft SQL Server\110\Tools\Binn\;C:\Program Files\Sublime Text 2;C:\Program Files (x86)\Heroku\bin;C:\Program Files\Intel\Intel(R) Management Engine Components\DAL;C:\Program Files\Intel\Intel(R) Management Engine Components\IPT;C:\Program Files (x86)\Intel\Intel(R) Management Engine Components\DAL;C:\Program Files (x86)\Intel\Intel(R) Management Engine Components\IPT;C:\Program Files (x86)\NVIDIA Corporation\PhysX\Common;C:\WINDOWS\system32;C:\WINDOWS;C:\WINDOWS\System32\Wbem;C:\WINDOWS\System32\WindowsPowerShell\v1.0\;C:\Program Files (x86)\Skype\Phone\;C:\Ruby23-x64\bin;C:\Program Files (x86)\MySQL\MySQL Fabric 1.5 & MySQL Utilities 1.5\;C:\Program Files (x86)\MySQL\MySQL Fabric 1.5 & MySQL Utilities 1.5\Doctrine extensions for PHP\;C:\Program Files\MySQL\MySQL Server 5.7\bin;C:\RailsInstaller\Ruby2.2.0\bin;C:\Users\kikkos\AppData\Local\GitHub\PortableGit_d76a6a98c9315931ec4927243517bc09e9b731a0\cmd;C:\Users\kikkos\AppData\Local\Android\sdk\platform-tools;C:\cURL\bin;C:\Program Files\Intel\WiFi\bin\;C:\Program Files\Common Files\Intel\WirelessCommon\;C:\sqlite;C:\Users\kikkos\AppData\Local\Microsoft\WindowsApps;C:\Program Files\Java\jdk1.8.0_92\bin;C:\gradle-3.2.1\bin\
USERNAME=kikkos
OS=Windows_NT
PROCESSOR_IDENTIFIER=Intel64 Family 6 Model 42 Stepping 7, GenuineIntel



---------------  S Y S T E M  ---------------

OS: Windows 10.0 , 64 bit Build 14393 (10.0.14393.0)

CPU:total 8 (4 cores per cpu, 2 threads per core) family 6 model 42 stepping 7, cmov, cx8, fxsr, mmx, sse, sse2, sse3, ssse3, sse4.1, sse4.2, popcnt, avx, aes, clmul, ht, tsc, tscinvbit

Memory: 4k page, physical 8300684k(1654284k free), swap 8505484k(184k free)

vm_info: Java HotSpot(TM) 64-Bit Server VM (25.92-b14) for windows-amd64 JRE (1.8.0_92-b14), built on Mar 31 2016 21:03:04 by "java_re" with MS VC++ 10.0 (VS2010)

time: Thu Dec 22 17:46:56 2016
elapsed time: 1 seconds (0d 0h 0m 1s)

